This is XeTeX, Version 3.14159265-2.6-0.999991 (MiKTeX 2.9.7050 64-bit) (preloaded format=xelatex 2019.6.24)  29 JUN 2019 04:11
entering extended mode
**./thesis.tex
(thesis.tex
LaTeX2e <2018-12-01>
(SBU-Thesis.cls
Document Class: SBU-Thesis 1/6/2019 v2.0.1 Persian thesis document class in XeL
aTeX for Shahid Beheshti University projects/theses/dissertations
("C:\Program Files\MiKTeX 2.9\tex/latex/base\book.cls"
Document Class: book 2018/09/03 v1.4i Standard LaTeX document class
("C:\Program Files\MiKTeX 2.9\tex/latex/base\bk12.clo"
File: bk12.clo 2018/09/03 v1.4i Standard LaTeX file (size option)
)
\c@part=\count80
\c@chapter=\count81
\c@section=\count82
\c@subsection=\count83
\c@subsubsection=\count84
\c@paragraph=\count85
\c@subparagraph=\count86
\c@figure=\count87
\c@table=\count88
\abovecaptionskip=\skip41
\belowcaptionskip=\skip42
\bibindent=\dimen102
)
("C:\Program Files\MiKTeX 2.9\tex/latex/geometry\geometry.sty"
Package: geometry 2018/04/16 v5.8 Page Geometry

("C:\Program Files\MiKTeX 2.9\tex/latex/graphics\keyval.sty"
Package: keyval 2014/10/28 v1.15 key=value parser (DPC)
\KV@toks@=\toks14
)
("C:\Program Files\MiKTeX 2.9\tex/generic/oberdiek\ifpdf.sty"
Package: ifpdf 2018/09/07 v3.3 Provides the ifpdf switch
)
("C:\Program Files\MiKTeX 2.9\tex/generic/oberdiek\ifvtex.sty"
Package: ifvtex 2016/05/16 v1.6 Detect VTeX and its facilities (HO)
Package ifvtex Info: VTeX not detected.
)
("C:\Program Files\MiKTeX 2.9\tex/generic/ifxetex\ifxetex.sty"
Package: ifxetex 2010/09/12 v0.6 Provides ifxetex conditional
)
\Gm@cnth=\count89
\Gm@cntv=\count90
\c@Gm@tempcnt=\count91
\Gm@bindingoffset=\dimen103
\Gm@wd@mp=\dimen104
\Gm@odd@mp=\dimen105
\Gm@even@mp=\dimen106
\Gm@layoutwidth=\dimen107
\Gm@layoutheight=\dimen108
\Gm@layouthoffset=\dimen109
\Gm@layoutvoffset=\dimen110
\Gm@dimlist=\toks15

("C:\Program Files\MiKTeX 2.9\tex/xelatex/xetexconfig\geometry.cfg"))
("C:\Program Files\MiKTeX 2.9\tex/latex/titlesec\titlesec.sty"
Package: titlesec 2016/03/21 v2.10.2 Sectioning titles
\ttl@box=\box27
\beforetitleunit=\skip43
\aftertitleunit=\skip44
\ttl@plus=\dimen111
\ttl@minus=\dimen112
\ttl@toksa=\toks16
\titlewidth=\dimen113
\titlewidthlast=\dimen114
\titlewidthfirst=\dimen115
)
("C:\Program Files\MiKTeX 2.9\tex/latex/tools\indentfirst.sty"
Package: indentfirst 1995/11/23 v1.03 Indent first paragraph (DPC)
)
("C:\Program Files\MiKTeX 2.9\tex/latex/multirow\multirow.sty"
Package: multirow 2019/05/31 v2.5 Span multiple rows of a table
\multirow@colwidth=\skip45
\multirow@cntb=\count92
\multirow@dima=\skip46
\bigstrutjot=\dimen116
)
("C:\Program Files\MiKTeX 2.9\tex/latex/amscls\amsthm.sty"
Package: amsthm 2017/10/31 v2.20.4
\thm@style=\toks17
\thm@bodyfont=\toks18
\thm@headfont=\toks19
\thm@notefont=\toks20
\thm@headpunct=\toks21
\thm@preskip=\skip47
\thm@postskip=\skip48
\thm@headsep=\skip49
\dth@everypar=\toks22
)
("C:\Program Files\MiKTeX 2.9\tex/latex/amsfonts\amssymb.sty"
Package: amssymb 2013/01/14 v3.01 AMS font symbols

("C:\Program Files\MiKTeX 2.9\tex/latex/amsfonts\amsfonts.sty"
Package: amsfonts 2013/01/14 v3.01 Basic AMSFonts support
\@emptytoks=\toks23
\symAMSa=\mathgroup4
\symAMSb=\mathgroup5
LaTeX Font Info:    Overwriting math alphabet `\mathfrak' in version `bold'
(Font)                  U/euf/m/n --> U/euf/b/n on input line 106.
))
("C:\Program Files\MiKTeX 2.9\tex/latex/amsmath\amsmath.sty"
Package: amsmath 2018/12/01 v2.17b AMS math features
\@mathmargin=\skip50

For additional information on amsmath, use the `?' option.
("C:\Program Files\MiKTeX 2.9\tex/latex/amsmath\amstext.sty"
Package: amstext 2000/06/29 v2.01 AMS text

("C:\Program Files\MiKTeX 2.9\tex/latex/amsmath\amsgen.sty"
File: amsgen.sty 1999/11/30 v2.0 generic functions
\@emptytoks=\toks24
\ex@=\dimen117
))
("C:\Program Files\MiKTeX 2.9\tex/latex/amsmath\amsbsy.sty"
Package: amsbsy 1999/11/29 v1.2d Bold Symbols
\pmbraise@=\dimen118
)
("C:\Program Files\MiKTeX 2.9\tex/latex/amsmath\amsopn.sty"
Package: amsopn 2016/03/08 v2.02 operator names
)
\inf@bad=\count93
LaTeX Info: Redefining \frac on input line 223.
\uproot@=\count94
\leftroot@=\count95
LaTeX Info: Redefining \overline on input line 385.
\classnum@=\count96
\DOTSCASE@=\count97
LaTeX Info: Redefining \ldots on input line 482.
LaTeX Info: Redefining \dots on input line 485.
LaTeX Info: Redefining \cdots on input line 606.
\Mathstrutbox@=\box28
\strutbox@=\box29
\big@size=\dimen119
LaTeX Font Info:    Redeclaring font encoding OML on input line 729.
LaTeX Font Info:    Redeclaring font encoding OMS on input line 730.
\macc@depth=\count98
\c@MaxMatrixCols=\count99
\dotsspace@=\muskip10
\c@parentequation=\count100
\dspbrk@lvl=\count101
\tag@help=\toks25
\row@=\count102
\column@=\count103
\maxfields@=\count104
\andhelp@=\toks26
\eqnshift@=\dimen120
\alignsep@=\dimen121
\tagshift@=\dimen122
\tagwidth@=\dimen123
\totwidth@=\dimen124
\lineht@=\dimen125
\@envbody=\toks27
\multlinegap=\skip51
\multlinetaggap=\skip52
\mathdisplay@stack=\toks28
LaTeX Info: Redefining \[ on input line 2844.
LaTeX Info: Redefining \] on input line 2845.
)
("C:\Program Files\MiKTeX 2.9\tex/latex/fancyhdr\fancyhdr.sty"
Package: fancyhdr 2019/01/31 v3.10 Extensive control of page headers and footer
s
\f@nch@headwidth=\skip53
\f@nch@O@elh=\skip54
\f@nch@O@erh=\skip55
\f@nch@O@olh=\skip56
\f@nch@O@orh=\skip57
\f@nch@O@elf=\skip58
\f@nch@O@erf=\skip59
\f@nch@O@olf=\skip60
\f@nch@O@orf=\skip61
)
\FHoffset=\skip62
\FHleft=\skip63
\FHright=\skip64
\FHline=\box30

("C:\Program Files\MiKTeX 2.9\tex/latex/footmisc\footmisc.sty"
Package: footmisc 2011/06/06 v5.5b a miscellany of footnote facilities
\FN@temptoken=\toks29
\footnotemargin=\dimen126
\c@pp@next@reset=\count105
Package footmisc Info: Declaring symbol style bringhurst on input line 855.
Package footmisc Info: Declaring symbol style chicago on input line 863.
Package footmisc Info: Declaring symbol style wiley on input line 872.
Package footmisc Info: Declaring symbol style lamport-robust on input line 883.

Package footmisc Info: Declaring symbol style lamport* on input line 903.
Package footmisc Info: Declaring symbol style lamport*-robust on input line 924
.
)
("C:\Program Files\MiKTeX 2.9\tex/latex/oberdiek\zref-perpage.sty"
Package: zref-perpage 2018/11/21 v2.27 Module perpage for zref (HO)

("C:\Program Files\MiKTeX 2.9\tex/latex/oberdiek\zref-base.sty"
Package: zref-base 2018/11/21 v2.27 Module base for zref (HO)

("C:\Program Files\MiKTeX 2.9\tex/generic/oberdiek\ltxcmds.sty"
Package: ltxcmds 2016/05/16 v1.23 LaTeX kernel commands for general use (HO)
)
("C:\Program Files\MiKTeX 2.9\tex/generic/oberdiek\infwarerr.sty"
Package: infwarerr 2016/05/16 v1.4 Providing info/warning/error messages (HO)
)
("C:\Program Files\MiKTeX 2.9\tex/generic/oberdiek\kvsetkeys.sty"
Package: kvsetkeys 2016/05/16 v1.17 Key value parser (HO)

("C:\Program Files\MiKTeX 2.9\tex/generic/oberdiek\etexcmds.sty"
Package: etexcmds 2016/05/16 v1.6 Avoid name clashes with e-TeX commands (HO)

("C:\Program Files\MiKTeX 2.9\tex/generic/oberdiek\ifluatex.sty"
Package: ifluatex 2016/05/16 v1.4 Provides the ifluatex switch (HO)
Package ifluatex Info: LuaTeX not detected.
)))
("C:\Program Files\MiKTeX 2.9\tex/generic/oberdiek\kvdefinekeys.sty"
Package: kvdefinekeys 2016/05/16 v1.4 Define keys (HO)
)
("C:\Program Files\MiKTeX 2.9\tex/generic/oberdiek\pdftexcmds.sty"
Package: pdftexcmds 2018/09/10 v0.29 Utility functions of pdfTeX for LuaTeX (HO
)
Package pdftexcmds Info: LuaTeX not detected.
Package pdftexcmds Info: pdfTeX >= 1.30 not detected.
Package pdftexcmds Info: \pdf@primitive is available.
Package pdftexcmds Info: \pdf@ifprimitive is available.
Package pdftexcmds Info: \pdfdraftmode not found.
)
("C:\Program Files\MiKTeX 2.9\tex/latex/oberdiek\auxhook.sty"
Package: auxhook 2016/05/16 v1.4 Hooks for auxiliary files (HO)
)
Package zref Info: New property list: main on input line 759.
Package zref Info: New property: default on input line 760.
Package zref Info: New property: page on input line 761.
)
("C:\Program Files\MiKTeX 2.9\tex/latex/oberdiek\zref-abspage.sty"
Package: zref-abspage 2018/11/21 v2.27 Module abspage for zref (HO)

("C:\Program Files\MiKTeX 2.9\tex/generic/oberdiek\atbegshi.sty"
Package: atbegshi 2016/06/09 v1.18 At begin shipout hook (HO)
)
\c@abspage=\count106
Package zref Info: New property: abspage on input line 62.
)
Package zref Info: New property: pagevalue on input line 54.
Package zref Info: New property list: perpage on input line 55.
\c@zpage=\count107
\c@zref@unique=\count108
)
("C:\Program Files\MiKTeX 2.9\tex/latex/hyperref\hyperref.sty"
Package: hyperref 2018/11/30 v6.88e Hypertext links for LaTeX

("C:\Program Files\MiKTeX 2.9\tex/generic/oberdiek\hobsub-hyperref.sty"
Package: hobsub-hyperref 2016/05/16 v1.14 Bundle oberdiek, subset hyperref (HO)


("C:\Program Files\MiKTeX 2.9\tex/generic/oberdiek\hobsub-generic.sty"
Package: hobsub-generic 2016/05/16 v1.14 Bundle oberdiek, subset generic (HO)
Package: hobsub 2016/05/16 v1.14 Construct package bundles (HO)
Package hobsub Info: Skipping package `infwarerr' (already loaded).
Package hobsub Info: Skipping package `ltxcmds' (already loaded).
Package hobsub Info: Skipping package `ifluatex' (already loaded).
Package hobsub Info: Skipping package `ifvtex' (already loaded).
Package: intcalc 2016/05/16 v1.2 Expandable calculations with integers (HO)
Package hobsub Info: Skipping package `ifpdf' (already loaded).
Package hobsub Info: Skipping package `etexcmds' (already loaded).
Package hobsub Info: Skipping package `kvsetkeys' (already loaded).
Package hobsub Info: Skipping package `kvdefinekeys' (already loaded).
Package hobsub Info: Skipping package `pdftexcmds' (already loaded).
Package: pdfescape 2016/05/16 v1.14 Implements pdfTeX's escape features (HO)
Package: bigintcalc 2016/05/16 v1.4 Expandable calculations on big integers (HO
)
Package: bitset 2016/05/16 v1.2 Handle bit-vector datatype (HO)
Package: uniquecounter 2016/05/16 v1.3 Provide unlimited unique counter (HO)
)
Package hobsub Info: Skipping package `hobsub' (already loaded).
Package: letltxmacro 2016/05/16 v1.5 Let assignment for LaTeX macros (HO)
Package: hopatch 2016/05/16 v1.3 Wrapper for package hooks (HO)
Package: xcolor-patch 2016/05/16 xcolor patch
Package: atveryend 2016/05/16 v1.9 Hooks at the very end of document (HO)
Package atveryend Info: \enddocument detected (standard20110627).
Package hobsub Info: Skipping package `atbegshi' (already loaded).
Package: refcount 2016/05/16 v3.5 Data extraction from label references (HO)
Package: hycolor 2016/05/16 v1.8 Color options for hyperref/bookmark (HO)
)
("C:\Program Files\MiKTeX 2.9\tex/latex/oberdiek\kvoptions.sty"
Package: kvoptions 2016/05/16 v3.12 Key value format for package options (HO)
)
\@linkdim=\dimen127
\Hy@linkcounter=\count109
\Hy@pagecounter=\count110

("C:\Program Files\MiKTeX 2.9\tex/latex/hyperref\pd1enc.def"
File: pd1enc.def 2018/11/30 v6.88e Hyperref: PDFDocEncoding definition (HO)
)
\Hy@SavedSpaceFactor=\count111

("C:\Program Files\MiKTeX 2.9\tex/latex/00miktex\hyperref.cfg"
File: hyperref.cfg 2002/06/06 v1.2 hyperref configuration of TeXLive
)
Package hyperref Info: Hyper figures OFF on input line 4519.
Package hyperref Info: Link nesting OFF on input line 4524.
Package hyperref Info: Hyper index ON on input line 4527.
Package hyperref Info: Plain pages OFF on input line 4534.
Package hyperref Info: Backreferencing OFF on input line 4539.
Package hyperref Info: Implicit mode ON; LaTeX internals redefined.
Package hyperref Info: Bookmarks ON on input line 4772.
\c@Hy@tempcnt=\count112

("C:\Program Files\MiKTeX 2.9\tex/latex/url\url.sty"
\Urlmuskip=\muskip11
Package: url 2013/09/16  ver 3.4  Verb mode for urls, etc.
)
LaTeX Info: Redefining \url on input line 5125.
\XeTeXLinkMargin=\dimen128
\Fld@menulength=\count113
\Field@Width=\dimen129
\Fld@charsize=\dimen130
Package hyperref Info: Hyper figures OFF on input line 6380.
Package hyperref Info: Link nesting OFF on input line 6385.
Package hyperref Info: Hyper index ON on input line 6388.
Package hyperref Info: backreferencing OFF on input line 6395.
Package hyperref Info: Link coloring OFF on input line 6400.
Package hyperref Info: Link coloring with OCG OFF on input line 6405.
Package hyperref Info: PDF/A mode OFF on input line 6410.
LaTeX Info: Redefining \ref on input line 6450.
LaTeX Info: Redefining \pageref on input line 6454.
\Hy@abspage=\count114
\c@Item=\count115
\c@Hfootnote=\count116
)
Package hyperref Info: Driver (autodetected): hxetex.

("C:\Program Files\MiKTeX 2.9\tex/latex/hyperref\hxetex.def"
File: hxetex.def 2018/11/30 v6.88e Hyperref driver for XeTeX

("C:\Program Files\MiKTeX 2.9\tex/latex/hyperref\puenc.def"
File: puenc.def 2018/11/30 v6.88e Hyperref: PDF Unicode definition (HO)
)
("C:\Program Files\MiKTeX 2.9\tex/generic/oberdiek\stringenc.sty"
Package: stringenc 2016/05/16 v1.11 Convert strings between diff. encodings (HO
)
)
\pdfm@box=\box31
\c@Hy@AnnotLevel=\count117
\HyField@AnnotCount=\count118
\Fld@listcount=\count119
\c@bookmark@seq@number=\count120

("C:\Program Files\MiKTeX 2.9\tex/latex/oberdiek\rerunfilecheck.sty"
Package: rerunfilecheck 2016/05/16 v1.8 Rerun checks for auxiliary files (HO)
Package uniquecounter Info: New unique counter `rerunfilecheck' on input line 2
82.
)
\Hy@SectionHShift=\skip65
)
("C:\Program Files\MiKTeX 2.9\tex/latex/oberdiek\bookmark.sty"
Package: bookmark 2016/05/17 v1.26 PDF bookmarks (HO)

("C:\Program Files\MiKTeX 2.9\tex/latex/oberdiek\bkm-dvipdfm.def"
File: bkm-dvipdfm.def 2016/05/17 v1.26 bookmark driver for dvipdfm (HO)
\BKM@id=\count121
)) (config.tex) ("C:\Program Files\MiKTeX 2.9\tex/latex/caption\caption.sty"
Package: caption 2018/10/06 v3.3-154 Customizing captions (AR)

("C:\Program Files\MiKTeX 2.9\tex/latex/caption\caption3.sty"
Package: caption3 2018/09/12 v1.8c caption3 kernel (AR)
Package caption3 Info: TeX engine: e-TeX on input line 64.
\captionmargin=\dimen131
\captionmargin@=\dimen132
\captionwidth=\dimen133
\caption@tempdima=\dimen134
\caption@indent=\dimen135
\caption@parindent=\dimen136
\caption@hangindent=\dimen137
)
\c@caption@flags=\count122
\c@ContinuedFloat=\count123
Package caption Info: hyperref package is loaded.
)
("C:\Program Files\MiKTeX 2.9\tex/latex/graphics\graphicx.sty"
Package: graphicx 2017/06/01 v1.1a Enhanced LaTeX Graphics (DPC,SPQR)

("C:\Program Files\MiKTeX 2.9\tex/latex/graphics\graphics.sty"
Package: graphics 2017/06/25 v1.2c Standard LaTeX Graphics (DPC,SPQR)

("C:\Program Files\MiKTeX 2.9\tex/latex/graphics\trig.sty"
Package: trig 2016/01/03 v1.10 sin cos tan (DPC)
)
("C:\Program Files\MiKTeX 2.9\tex/latex/graphics-cfg\graphics.cfg"
File: graphics.cfg 2016/06/04 v1.11 sample graphics configuration
)
Package graphics Info: Driver file: xetex.def on input line 99.

("C:\Program Files\MiKTeX 2.9\tex/latex/graphics-def\xetex.def"
File: xetex.def 2017/06/24 v5.0h Graphics/color driver for xetex
))
\Gin@req@height=\dimen138
\Gin@req@width=\dimen139
)
("C:\Program Files\MiKTeX 2.9\tex/xelatex/xepersian\xepersian.sty"
Package: xepersian 2019/05/01 v22.7 Persian typesetting in XeLaTeX

("C:\Program Files\MiKTeX 2.9\tex/latex/fontspec\fontspec.sty"
("C:\Program Files\MiKTeX 2.9\tex/latex/l3packages/xparse\xparse.sty"
("C:\Program Files\MiKTeX 2.9\tex/latex/l3kernel\expl3.sty"
Package: expl3 2019-05-28 L3 programming layer (loader) 

("C:\Program Files\MiKTeX 2.9\tex/latex/l3kernel\expl3-code.tex"
Package: expl3 2019-05-28 L3 programming layer (code)
\c_max_int=\count124
\l_tmpa_int=\count125
\l_tmpb_int=\count126
\g_tmpa_int=\count127
\g_tmpb_int=\count128
\g__kernel_prg_map_int=\count129
\c__ior_term_ior=\count130
\c_log_iow=\count131
\l_iow_line_count_int=\count132
\l__iow_line_target_int=\count133
\l__iow_one_indent_int=\count134
\l__iow_indent_int=\count135
\c_zero_dim=\dimen140
\c_max_dim=\dimen141
\l_tmpa_dim=\dimen142
\l_tmpb_dim=\dimen143
\g_tmpa_dim=\dimen144
\g_tmpb_dim=\dimen145
\c_zero_skip=\skip66
\c_max_skip=\skip67
\l_tmpa_skip=\skip68
\l_tmpb_skip=\skip69
\g_tmpa_skip=\skip70
\g_tmpb_skip=\skip71
\c_zero_muskip=\muskip12
\c_max_muskip=\muskip13
\l_tmpa_muskip=\muskip14
\l_tmpb_muskip=\muskip15
\g_tmpa_muskip=\muskip16
\g_tmpb_muskip=\muskip17
\l_keys_choice_int=\count136
\l__intarray_loop_int=\count137
\c__intarray_sp_dim=\dimen146
\g__intarray_font_int=\count138
\c__fp_leading_shift_int=\count139
\c__fp_middle_shift_int=\count140
\c__fp_trailing_shift_int=\count141
\c__fp_big_leading_shift_int=\count142
\c__fp_big_middle_shift_int=\count143
\c__fp_big_trailing_shift_int=\count144
\c__fp_Bigg_leading_shift_int=\count145
\c__fp_Bigg_middle_shift_int=\count146
\c__fp_Bigg_trailing_shift_int=\count147
\g__fp_array_int=\count148
\l__fp_array_loop_int=\count149
\l__sort_length_int=\count150
\l__sort_min_int=\count151
\l__sort_top_int=\count152
\l__sort_max_int=\count153
\l__sort_true_max_int=\count154
\l__sort_block_int=\count155
\l__sort_begin_int=\count156
\l__sort_end_int=\count157
\l__sort_A_int=\count158
\l__sort_B_int=\count159
\l__sort_C_int=\count160
\l__tl_analysis_normal_int=\count161
\l__tl_analysis_index_int=\count162
\l__tl_analysis_nesting_int=\count163
\l__tl_analysis_type_int=\count164
\l__regex_internal_a_int=\count165
\l__regex_internal_b_int=\count166
\l__regex_internal_c_int=\count167
\l__regex_balance_int=\count168
\l__regex_group_level_int=\count169
\l__regex_mode_int=\count170
\c__regex_cs_in_class_mode_int=\count171
\c__regex_cs_mode_int=\count172
\l__regex_catcodes_int=\count173
\l__regex_default_catcodes_int=\count174
\c__regex_catcode_L_int=\count175
\c__regex_catcode_O_int=\count176
\c__regex_catcode_A_int=\count177
\c__regex_all_catcodes_int=\count178
\l__regex_show_lines_int=\count179
\l__regex_min_state_int=\count180
\l__regex_max_state_int=\count181
\l__regex_left_state_int=\count182
\l__regex_right_state_int=\count183
\l__regex_capturing_group_int=\count184
\l__regex_min_pos_int=\count185
\l__regex_max_pos_int=\count186
\l__regex_curr_pos_int=\count187
\l__regex_start_pos_int=\count188
\l__regex_success_pos_int=\count189
\l__regex_curr_char_int=\count190
\l__regex_curr_catcode_int=\count191
\l__regex_last_char_int=\count192
\l__regex_case_changed_char_int=\count193
\l__regex_curr_state_int=\count194
\l__regex_step_int=\count195
\l__regex_min_active_int=\count196
\l__regex_max_active_int=\count197
\l__regex_replacement_csnames_int=\count198
\l__regex_match_count_int=\count199
\l__regex_min_submatch_int=\count266
\l__regex_submatch_int=\count267
\l__regex_zeroth_submatch_int=\count268
\g__regex_trace_regex_int=\count269
\c_empty_box=\box32
\l_tmpa_box=\box33
\l_tmpb_box=\box34
\g_tmpa_box=\box35
\g_tmpb_box=\box36
\l__box_top_dim=\dimen147
\l__box_bottom_dim=\dimen148
\l__box_left_dim=\dimen149
\l__box_right_dim=\dimen150
\l__box_top_new_dim=\dimen151
\l__box_bottom_new_dim=\dimen152
\l__box_left_new_dim=\dimen153
\l__box_right_new_dim=\dimen154
\l__box_internal_box=\box37
\l__coffin_internal_box=\box38
\l__coffin_internal_dim=\dimen155
\l__coffin_offset_x_dim=\dimen156
\l__coffin_offset_y_dim=\dimen157
\l__coffin_x_dim=\dimen158
\l__coffin_y_dim=\dimen159
\l__coffin_x_prime_dim=\dimen160
\l__coffin_y_prime_dim=\dimen161
\c_empty_coffin=\box39
\l__coffin_aligned_coffin=\box40
\l__coffin_aligned_internal_coffin=\box41
\l_tmpa_coffin=\box42
\l_tmpb_coffin=\box43
\g_tmpa_coffin=\box44
\g_tmpb_coffin=\box45
\l__coffin_bounding_shift_dim=\dimen162
\l__coffin_left_corner_dim=\dimen163
\l__coffin_right_corner_dim=\dimen164
\l__coffin_bottom_corner_dim=\dimen165
\l__coffin_top_corner_dim=\dimen166
\l__coffin_scaled_total_height_dim=\dimen167
\l__coffin_scaled_width_dim=\dimen168
\c__coffin_empty_coffin=\box46
\l__coffin_display_coffin=\box47
\l__coffin_display_coord_coffin=\box48
\l__coffin_display_pole_coffin=\box49
\l__coffin_display_offset_dim=\dimen169
\l__coffin_display_x_dim=\dimen170
\l__coffin_display_y_dim=\dimen171
\g__file_internal_ior=\read1
\l__seq_internal_a_int=\count270
\l__seq_internal_b_int=\count271
\c__deprecation_minus_one=\count272
)
("C:\Program Files\MiKTeX 2.9\tex/latex/l3kernel\l3xdvipdfmx.def"
File: l3xdvipdfmx.def 2019-04-06 v L3 Experimental driver: xdvipdfmx
\l__driver_internal_box=\box50
\g__driver_graphics_int=\count273
\g__driver_pdf_object_int=\count274
\g__driver_pdf_annotation_int=\count275
))
Package: xparse 2019-05-28 L3 Experimental document command parser
\l__xparse_current_arg_int=\count276
\g__xparse_grabber_int=\count277
\l__xparse_m_args_int=\count278
\l__xparse_v_nesting_int=\count279
)
Package: fontspec 2019/03/15 v2.7c Font selection for XeLaTeX and LuaLaTeX

("C:\Program Files\MiKTeX 2.9\tex/latex/fontspec\fontspec-xetex.sty"
Package: fontspec-xetex 2019/03/15 v2.7c Font selection for XeLaTeX and LuaLaTe
X
\l__fontspec_script_int=\count280
\l__fontspec_language_int=\count281
\l__fontspec_strnum_int=\count282
\l__fontspec_tmp_int=\count283
\l__fontspec_tmpa_int=\count284
\l__fontspec_tmpb_int=\count285
\l__fontspec_tmpc_int=\count286
\l__fontspec_em_int=\count287
\l__fontspec_emdef_int=\count288
\l__fontspec_strong_int=\count289
\l__fontspec_strongdef_int=\count290
\l__fontspec_tmpa_dim=\dimen172
\l__fontspec_tmpb_dim=\dimen173
\l__fontspec_tmpc_dim=\dimen174

("C:\Program Files\MiKTeX 2.9\tex/latex/base\fontenc.sty"
Package: fontenc 2018/08/11 v2.0j Standard LaTeX package

("C:\Program Files\MiKTeX 2.9\tex/latex/base\tuenc.def"
File: tuenc.def 2018/08/11 v2.0j Standard LaTeX file
LaTeX Font Info:    Redeclaring font encoding TU on input line 82.
))
("C:\Program Files\MiKTeX 2.9\tex/latex/fontspec\fontspec.cfg")
LaTeX Info: Redefining \itshape on input line 4051.
LaTeX Info: Redefining \slshape on input line 4056.
LaTeX Info: Redefining \scshape on input line 4061.
LaTeX Info: Redefining \upshape on input line 4066.
LaTeX Info: Redefining \em on input line 4096.
LaTeX Info: Redefining \emph on input line 4121.
))
("C:\Program Files\MiKTeX 2.9\tex/xelatex/xepersian\xepersian-persiancal.sty"
Package: xepersian-persiancal 2012/07/25 v0.2 provides Persian calendar
\XePersian@i=\count291
\XePersian@y=\count292
\XePersian@m=\count293
\XePersian@d=\count294
\XePersian@latini=\count295
\XePersian@persiani=\count296
\XePersian@latinii=\count297
\XePersian@persianii=\count298
\XePersian@latiniii=\count299
\XePersian@persianiii=\count300
\XePersian@latiniv=\count301
\XePersian@persianiv=\count302
\XePersian@latinv=\count303
\XePersian@persianv=\count304
\XePersian@latinvi=\count305
\XePersian@persianvi=\count306
\XePersian@latinvii=\count307
\XePersian@persianvii=\count308
\XePersian@latinviii=\count309
\XePersian@persianviii=\count310
\XePersian@latinix=\count311
\XePersian@persianix=\count312
\XePersian@latinx=\count313
\XePersian@persianx=\count314
\XePersian@latinxi=\count315
\XePersian@persianxi=\count316
\XePersian@latinxii=\count317
\XePersian@persianxii=\count318
\XePersian@persianxiii=\count319
\XePersian@temp=\count320
\XePersian@temptwo=\count321
\XePersian@tempthree=\count322
\XePersian@yModHundred=\count323
\XePersian@thirtytwo=\count324
\XePersian@dn=\count325
\XePersian@sn=\count326
\XePersian@mminusone=\count327
)
("C:\Program Files\MiKTeX 2.9\tex/xelatex/xepersian\xepersian-mathsdigitspec.st
y"
Package: xepersian-mathsdigitspec 2018/12/16 v1.1.7 Unicode Persian maths digit
s in XeLaTeX
) ("C:\Program Files\MiKTeX 2.9\tex/xelatex/bidi\bidi.sty"
Package: bidi 2019/05/01 v35.8 Bidirectional typesetting in plain TeX and LaTeX


****************************************************
* 
* bidi package (Bidirectional typesetting in
* plain TeX and LaTeX, using XeTeX engine)
* 
* Description: A convenient interface for
* typesetting bidirectional texts in plain TeX
* and LaTeX. The package includes adaptations
* for use with many other commonly-used packages.
* 
* Copyright (c) 2009--2019 Vafa Khalighi
* 
* v35.8, 2019/05/01
* 
* License: LaTeX Project Public License, version
* 1.3c or higher (your choice)
* 
* Location on CTAN: /macros/xetex/latex/bidi
* 
* Issue tracker: https://github.com/vafa-ac/bidi/issues
* 
****************************************************
("C:\Program Files\MiKTeX 2.9\tex/latex/iftex\iftex.sty"
Package: iftex 2013/04/04 v0.2 Provides if(tex) conditional for PDFTeX, XeTeX, 
and LuaTeX
)
("C:\Program Files\MiKTeX 2.9\tex/xelatex/bidi\biditools.sty"
Package: biditools 2018/12/11 v1.9 Programming tools for bidi package
\@bidi@envbody=\toks30
\@bidi@emptytoks=\toks31
\bidi@tempcountb=\count328
\bidi@temptoksa=\toks32
\bidi@temptoksb=\toks33
\bidi@dummies=\count329
\bidi@are@these@correct=\toks34
\bidi@toks@lista=\toks35
\bidi@toks@listb=\toks36
\bidi@stack@length=\count330
\bidi@empty@stack=\toks37
\bidi@looprepeat@depth=\count331
)
("C:\Program Files\MiKTeX 2.9\tex/latex/xkeyval\xkeyval.sty"
Package: xkeyval 2014/12/03 v2.7a package option processing (HA)

("C:\Program Files\MiKTeX 2.9\tex/generic/xkeyval\xkeyval.tex"
("C:\Program Files\MiKTeX 2.9\tex/generic/xkeyval\xkvutils.tex"
\XKV@toks=\toks38
\XKV@tempa@toks=\toks39
)
\XKV@depth=\count332
File: xkeyval.tex 2014/12/03 v2.7a key=value parser (HA)
))
\@bidi@copyins@=\insert252

("C:\Program Files\MiKTeX 2.9\tex/xelatex/bidi\latex-xetex-bidi.def"
File: latex-xetex-bidi.def 2019/03/03 v1.3.7 bidi adaptations for `latex.ltx' f
or XeTeX engine
\bidi@n@everypar=\toks40
\bidi@column@check@number=\count333

("C:\Program Files\MiKTeX 2.9\tex/xelatex/bidi\footnote-xetex-bidi.def"
File: footnote-xetex-bidi.def 2017/08/09 v1.1 bidi footnote macros for XeTeX en
gine
\c@footdir@label=\count334
\footdir@toks=\toks41
)
("C:\Program Files\MiKTeX 2.9\tex/xelatex/bidi\book-xetex-bidi.def"
File: book-xetex-bidi.def 2017/06/09 v1.0 bidi adaptations for standard book cl
ass for XeTeX engine
)
("C:\Program Files\MiKTeX 2.9\tex/xelatex/bidi\amsmath-xetex-bidi.def"
File: amsmath-xetex-bidi.def 2018/01/08 v1.1 bidi adaptations for amsmath packa
ge for XeTeX engine
)
("C:\Program Files\MiKTeX 2.9\tex/xelatex/bidi\amstext-xetex-bidi.def"
File: amstext-xetex-bidi.def 2016/09/12 v0.2 bidi adaptations for amstext packa
ge for XeTeX engine
)
("C:\Program Files\MiKTeX 2.9\tex/xelatex/bidi\amsthm-xetex-bidi.def"
File: amsthm-xetex-bidi.def 2010/07/25 v0.1 bidi adaptations for amsthm package
 for XeTeX engine
)
("C:\Program Files\MiKTeX 2.9\tex/xelatex/bidi\caption-xetex-bidi.def"
File: caption-xetex-bidi.def 2010/07/25 v0.1 bidi adaptations for caption packa
ge for XeTeX engine
)
("C:\Program Files\MiKTeX 2.9\tex/xelatex/bidi\caption3-xetex-bidi.def"
File: caption3-xetex-bidi.def 2013/04/01 v0.1 bidi adaptations for caption3 pac
kage for XeTeX engine
)
("C:\Program Files\MiKTeX 2.9\tex/xelatex/bidi\graphicx-xetex-bidi.def"
File: graphicx-xetex-bidi.def 2017/06/17 v0.5 bidi adaptations for graphicx pac
kage for XeTeX engine
)
("C:\Program Files\MiKTeX 2.9\tex/xelatex/bidi\geometry-xetex-bidi.def"
File: geometry-xetex-bidi.def 2017/01/14 v0.2 bidi adaptations for geometry pac
kage for XeTeX engine
)
("C:\Program Files\MiKTeX 2.9\tex/xelatex/bidi\hyperref-xetex-bidi.def"
File: hyperref-xetex-bidi.def 2018/11/11 v1.1 bidi adaptations for hyperref pac
kage for XeTeX engine
)
("C:\Program Files\MiKTeX 2.9\tex/xelatex/bidi\fancyhdr-xetex-bidi.def"
File: fancyhdr-xetex-bidi.def 2018/02/15 v0.7 bidi adaptations for fancyhdr pac
kage for XeTeX engine
)
("C:\Program Files\MiKTeX 2.9\tex/xelatex/bidi\titlesec-xetex-bidi.def"
File: titlesec-xetex-bidi.def 2010/07/25 v0.1 bidi adaptations for titlesec pac
kage for XeTeX engine
))
("C:\Program Files\MiKTeX 2.9\tex/xelatex/bidi\loadingorder-xetex-bidi.def"
File: loadingorder-xetex-bidi.def 2017/12/29 v0.97 making sure that bidi is the
 last package loaded
)
\bidi@digits=\count335
\bidi@digits@charclass=\XeTeXcharclass1
\bidi@sepmark@charclass=\XeTeXcharclass2
)
****************************************************
* 
* xepersian package (Persian for LaTeX, using XeTeX engine)
* 
* Description: The package supports Persian
* typesetting, using fonts provided in the
* distribution.
* 
* Copyright (c) 2008--2019 Vafa Khalighi
* 
* v22.7, 2019/05/01
* 
* License: LaTeX Project Public License, version
* 1.3c or higher (your choice)
* 
* Location on CTAN: /macros/xetex/latex/xepersian
* 
* Issue tracker: https://github.com/vafa-ac/xepersian/issues
* 
****************************************************
\xepersian@tcl=\count336
\xepersian@ilg=\dimen175
\xepersian@strutilg=\dimen176
("C:\Program Files\MiKTeX 2.9\tex/xelatex/xepersian\loadingorder-xepersian.def"
File: loadingorder-xepersian.def 2018/09/29 v0.5 making sure that xepersian is 
the last package loaded
) ("C:\Program Files\MiKTeX 2.9\tex/xelatex/xepersian\footnote-xepersian.def"
File: footnote-xepersian.def 2017/08/09 v0.6 footnote macros for xepersian pack
age
)
("C:\Program Files\MiKTeX 2.9\tex/xelatex/xepersian\hyperref-xepersian.def"
File: hyperref-xepersian.def 2015/02/02 v0.6 bilingual captions for hyperref pa
ckage
)
("C:\Program Files\MiKTeX 2.9\tex/xelatex/xepersian\book-xepersian.def"
File: book-xepersian.def 2010/07/25 v0.2 adaptations for standard book class
)
("C:\Program Files\MiKTeX 2.9\tex/xelatex/xepersian\fontspec-xepersian.def"
File: fontspec-xepersian.def 2019/05/01 v0.4 fontspec changes
)

Package fontspec Info: Font family 'lmroman10-regular(0)' created for font
(fontspec)             'lmroman10-regular' with options
(fontspec)             [Ligatures=TeX,Path,BoldFont={lmroman10-bold},BoldItalic
Font={lmroman10-bolditalic},ItalicFont={lmroman10-italic},SmallCapsFont={lmroma
ncaps10-regular},SlantedFont={lmromanslant10-regular},BoldSlantedFont={lmromans
lant10-bold}].
(fontspec)              
(fontspec)              This font family consists of the following NFSS
(fontspec)             series/shapes:
(fontspec)              
(fontspec)             - 'normal' (m/n) with NFSS spec.:
(fontspec)             <->"[lmroman10-regular]/OT:script=latn;language=DFLT;map
ping=tex-text;"
(fontspec)             - 'small caps'  (m/sc) with NFSS spec.:
(fontspec)             <->"[lmromancaps10-regular]/OT:script=latn;language=DFLT
;mapping=tex-text;"
(fontspec)             - 'bold' (bx/n) with NFSS spec.:
(fontspec)             <->"[lmroman10-bold]/OT:script=latn;language=DFLT;mappin
g=tex-text;"
(fontspec)             - 'bold small caps'  (bx/sc) with NFSS spec.:
(fontspec)             <->"[lmromancaps10-regular]/OT:script=latn;language=DFLT
;mapping=tex-text;"
(fontspec)             - 'italic' (m/it) with NFSS spec.:
(fontspec)             <->"[lmroman10-italic]/OT:script=latn;language=DFLT;mapp
ing=tex-text;"
(fontspec)             - 'italic small caps'  (m/itsc) with NFSS spec.:
(fontspec)             <->"[lmromancaps10-regular]/OT:script=latn;language=DFLT
;mapping=tex-text;"
(fontspec)             - 'slanted' (m/sl) with NFSS spec.:
(fontspec)             <->"[lmromanslant10-regular]/OT:script=latn;language=DFL
T;mapping=tex-text;"
(fontspec)             - 'slanted small caps'  (m/slsc) with NFSS spec.:
(fontspec)             <->"[lmromancaps10-regular]/OT:script=latn;language=DFLT
;mapping=tex-text;"
(fontspec)             - 'bold italic' (bx/it) with NFSS spec.:
(fontspec)             <->"[lmroman10-bolditalic]/OT:script=latn;language=DFLT;
mapping=tex-text;"
(fontspec)             - 'bold italic small caps'  (bx/itsc) with NFSS spec.:
(fontspec)             <->"[lmromancaps10-regular]/OT:script=latn;language=DFLT
;mapping=tex-text;"
(fontspec)             - 'bold slanted' (bx/sl) with NFSS spec.:
(fontspec)             <->"[lmromanslant10-bold]/OT:script=latn;language=DFLT;m
apping=tex-text;"
(fontspec)             - 'bold slanted small caps'  (bx/slsc) with NFSS spec.:
(fontspec)             <->"[lmromancaps10-regular]/OT:script=latn;language=DFLT
;mapping=tex-text;"

)

Package fontspec Info: Font family 'IRNazanin(0)' created for font 'IRNazanin'
(fontspec)             with options
(fontspec)             [Script=Persian,Ligatures=PersianTeX,Scale=1.15].
(fontspec)              
(fontspec)              This font family consists of the following NFSS
(fontspec)             series/shapes:
(fontspec)              
(fontspec)             - 'normal' (m/n) with NFSS spec.:
(fontspec)             <->s*[1.15]"IRNazanin/OT:script=arab;language=DFLT;mappi
ng=persian-tex-text;"
(fontspec)             - 'small caps'  (m/sc) with NFSS spec.: 
(fontspec)             - 'bold' (bx/n) with NFSS spec.:
(fontspec)             <->s*[1.15]"IRNazanin/B/OT:script=arab;language=DFLT;map
ping=persian-tex-text;"
(fontspec)             - 'bold small caps'  (bx/sc) with NFSS spec.: 
(fontspec)             - 'italic' (m/it) with NFSS spec.:
(fontspec)             <->s*[1.15]"IRNazanin/I/OT:script=arab;language=DFLT;map
ping=persian-tex-text;"
(fontspec)             - 'italic small caps'  (m/itsc) with NFSS spec.: 
(fontspec)             - 'bold italic' (bx/it) with NFSS spec.:
(fontspec)             <->s*[1.15]"IRNazanin/BI/OT:script=arab;language=DFLT;ma
pping=persian-tex-text;"
(fontspec)             - 'bold italic small caps'  (bx/itsc) with NFSS spec.: 

LaTeX Font Info:    Font shape `TU/IRNazanin(0)/m/n' will be
(Font)              scaled to size 13.79993pt on input line 675.

Package fontspec Info: Font family 'IRNazanin(1)' created for font 'IRNazanin'
(fontspec)             with options [Ligatures=TeX,Scale=1.15].
(fontspec)              
(fontspec)              This font family consists of the following NFSS
(fontspec)             series/shapes:
(fontspec)              
(fontspec)             - 'normal' (m/n) with NFSS spec.:
(fontspec)             <->s*[1.15]"IRNazanin/OT:mapping=tex-text;"
(fontspec)             - 'small caps'  (m/sc) with NFSS spec.: 
(fontspec)             - 'bold' (bx/n) with NFSS spec.:
(fontspec)             <->s*[1.15]"IRNazanin/B/OT:mapping=tex-text;"
(fontspec)             - 'bold small caps'  (bx/sc) with NFSS spec.: 
(fontspec)             - 'italic' (m/it) with NFSS spec.:
(fontspec)             <->s*[1.15]"IRNazanin/I/OT:mapping=tex-text;"
(fontspec)             - 'italic small caps'  (m/itsc) with NFSS spec.: 
(fontspec)             - 'bold italic' (bx/it) with NFSS spec.:
(fontspec)             <->s*[1.15]"IRNazanin/BI/OT:mapping=tex-text;"
(fontspec)             - 'bold italic small caps'  (bx/itsc) with NFSS spec.: 

LaTeX Info: Redefining \latinfont on input line 676.

Package fontspec Info: Could not resolve font "IRTitr/BI" (it probably doesn't
(fontspec)             exist).


Package fontspec Info: Could not resolve font "IRTitr/B" (it probably doesn't
(fontspec)             exist).


Package fontspec Info: Could not resolve font "IRTitr/I" (it probably doesn't
(fontspec)             exist).


Package fontspec Info: Font family 'IRTitr(0)' created for font 'IRTitr' with
(fontspec)             options
(fontspec)             [Script=Persian,Ligatures=PersianTeX,Scale=0.857].
(fontspec)              
(fontspec)              This font family consists of the following NFSS
(fontspec)             series/shapes:
(fontspec)              
(fontspec)             - 'normal' (m/n) with NFSS spec.:
(fontspec)             <->s*[0.857]"IRTitr/OT:script=arab;language=DFLT;mapping
=persian-tex-text;"
(fontspec)             - 'small caps'  (m/sc) with NFSS spec.: 


("C:\Program Files\MiKTeX 2.9\tex/latex/notoccite\notoccite.sty"
Package: notoccite 2000/07/20
)
("C:\Program Files\MiKTeX 2.9\tex/latex/cite\cite.sty"
LaTeX Info: Redefining \cite on input line 302.
LaTeX Info: Redefining \nocite on input line 332.
Package: cite 2015/02/27  v 5.5
))
("C:\Program Files\MiKTeX 2.9\tex/latex/caption\subcaption.sty"
Package: subcaption 2018/05/01 v1.1-162 Sub-captions (AR)
\c@subfigure=\count337
\c@subtable=\count338
)
("C:\Program Files\MiKTeX 2.9\tex/latex/tools\verbatim.sty"
Package: verbatim 2014/10/28 v1.5q LaTeX2e package for verbatim enhancements
\every@verbatim=\toks42
\verbatim@line=\toks43
\verbatim@in@stream=\read2
)

LaTeX Warning: Unused global option(s):
    [oneside,openany].

(thesis.aux (body.aux

LaTeX Warning: Label `fig:tiger' multiply defined.


LaTeX Warning: Label `sub@fig:tiger' multiply defined.


LaTeX Warning: Label `fig:gull' multiply defined.


LaTeX Warning: Label `sub@fig:gull' multiply defined.


LaTeX Warning: Label `fig:tiger' multiply defined.


LaTeX Warning: Label `sub@fig:tiger' multiply defined.


LaTeX Warning: Label `fig:gull' multiply defined.


LaTeX Warning: Label `sub@fig:gull' multiply defined.


LaTeX Warning: Label `fig:gull' multiply defined.


LaTeX Warning: Label `sub@fig:gull' multiply defined.


LaTeX Warning: Label `fig:tiger' multiply defined.


LaTeX Warning: Label `sub@fig:tiger' multiply defined.


LaTeX Warning: Label `fig:tiger' multiply defined.


LaTeX Warning: Label `sub@fig:tiger' multiply defined.


LaTeX Warning: Label `fig:tiger' multiply defined.


LaTeX Warning: Label `sub@fig:tiger' multiply defined.


LaTeX Warning: Label `fig:Rekimoto' multiply defined.


LaTeX Warning: Label `fig:Bowman' multiply defined.


LaTeX Warning: Label `fig:Bowman' multiply defined.

))
\openout1 = `thesis.aux'.

LaTeX Font Info:    Checking defaults for OML/cmm/m/it on input line 11.
LaTeX Font Info:    ... okay on input line 11.
LaTeX Font Info:    Checking defaults for T1/cmr/m/n on input line 11.
LaTeX Font Info:    ... okay on input line 11.
LaTeX Font Info:    Checking defaults for OT1/cmr/m/n on input line 11.
LaTeX Font Info:    ... okay on input line 11.
LaTeX Font Info:    Checking defaults for OMS/cmsy/m/n on input line 11.
LaTeX Font Info:    ... okay on input line 11.
LaTeX Font Info:    Checking defaults for TU/lmr/m/n on input line 11.
LaTeX Font Info:    ... okay on input line 11.
LaTeX Font Info:    Checking defaults for OMX/cmex/m/n on input line 11.
LaTeX Font Info:    ... okay on input line 11.
LaTeX Font Info:    Checking defaults for U/cmr/m/n on input line 11.
LaTeX Font Info:    ... okay on input line 11.
LaTeX Font Info:    Checking defaults for PD1/pdf/m/n on input line 11.
LaTeX Font Info:    ... okay on input line 11.
LaTeX Font Info:    Checking defaults for PU/pdf/m/n on input line 11.
LaTeX Font Info:    ... okay on input line 11.

*geometry* detected driver: pdftex
*geometry* verbose mode - [ preamble ] result:
* driver: pdftex
* paper: <default>
* layout: <same size as paper>
* layoutoffset:(h,v)=(0.0pt,0.0pt)
* modes: 
* h-part:(L,W,R)=(71.13188pt, 455.24411pt, 71.13188pt)
* v-part:(T,H,B)=(99.58464pt, 674.33032pt, 71.13188pt)
* \paperwidth=597.50787pt
* \paperheight=845.04684pt
* \textwidth=455.24411pt
* \textheight=674.33032pt
* \oddsidemargin=-1.1381pt
* \evensidemargin=-1.1381pt
* \topmargin=-4.55914pt
* \headheight=12.0pt
* \headsep=19.8738pt
* \topskip=12.0pt
* \footskip=30.0pt
* \marginparwidth=38.0pt
* \marginparsep=7.0pt
* \columnsep=10.0pt
* \skip\footins=12.0pt
* \hoffset=0.0pt
* \voffset=0.0pt
* \mag=1000
* \@twocolumnfalse
* \@twosidefalse
* \@mparswitchfalse
* \@reversemarginfalse
* (1in=72.27pt=25.4mm, 1cm=28.453pt)

\AtBeginShipoutBox=\box51
Package hyperref Info: Link coloring OFF on input line 11.
("C:\Program Files\MiKTeX 2.9\tex/latex/hyperref\nameref.sty"
Package: nameref 2016/05/21 v2.44 Cross-referencing by name of section

("C:\Program Files\MiKTeX 2.9\tex/generic/oberdiek\gettitlestring.sty"
Package: gettitlestring 2016/05/16 v1.5 Cleanup title references (HO)
)
\c@section@level=\count339
)
LaTeX Info: Redefining \ref on input line 11.
LaTeX Info: Redefining \pageref on input line 11.
LaTeX Info: Redefining \nameref on input line 11.
Package caption Info: Begin \AtBeginDocument code.
Package caption Info: End \AtBeginDocument code.
File: logo.pdf Graphic file (type pdf)
<use logo.pdf>
LaTeX Font Info:    Font shape `TU/IRNazanin(0)/m/n' will be
(Font)              scaled to size 16.55989pt on input line 74.
LaTeX Font Info:    Font shape `TU/IRNazanin(0)/bx/n' will be
(Font)              scaled to size 16.55989pt on input line 74.
LaTeX Font Info:    Font shape `TU/IRNazanin(0)/m/n' will be
(Font)              scaled to size 28.61185pt on input line 74.
LaTeX Font Info:    Font shape `TU/IRTitr(0)/m/n' will be
(Font)              scaled to size 21.32202pt on input line 74.
LaTeX Font Info:    Font shape `TU/IRNazanin(0)/bx/n' will be
(Font)              scaled to size 13.79993pt on input line 74.
LaTeX Font Info:    Font shape `TU/IRNazanin(0)/m/n' will be
(Font)              scaled to size 19.87189pt on input line 74.
LaTeX Font Info:    Font shape `TU/IRNazanin(0)/bx/n' will be
(Font)              scaled to size 19.87189pt on input line 74.

("C:\Program Files\MiKTeX 2.9\tex/generic/oberdiek\se-ascii-print.def"
File: se-ascii-print.def 2016/05/16 v1.11 stringenc: Printable ASCII characters

)
[1

]
File: logo.pdf Graphic file (type pdf)
<use logo.pdf>
LaTeX Font Info:    Font shape `TU/IRNazanin(0)/m/n' will be
(Font)              scaled to size 12.59242pt on input line 75.

Underfull \hbox (badness 10000) in paragraph at lines 75--75
[][]
 []

\c@dc=\count340
LaTeX Font Info:    Try loading font information for U+msa on input line 75.
("C:\Program Files\MiKTeX 2.9\tex/latex/amsfonts\umsa.fd"
File: umsa.fd 2013/01/14 v3.01 AMS symbols A
)
LaTeX Font Info:    Try loading font information for U+msb on input line 75.

("C:\Program Files\MiKTeX 2.9\tex/latex/amsfonts\umsb.fd"
File: umsb.fd 2013/01/14 v3.01 AMS symbols B
)
Overfull \hbox (25.54721pt too wide) in paragraph at lines 75--75
[][][][]
 []


Underfull \hbox (badness 10000) in paragraph at lines 75--75
[][]
 []

[2] [3] [4]
Underfull \hbox (badness 10000) in paragraph at lines 97--97
[][]
 []

LaTeX Font Info:    Font shape `TU/IRNazanin(1)/m/n' will be
(Font)              scaled to size 13.79993pt on input line 97.
[5] [6]
LaTeX Font Info:    Font shape `TU/IRNazanin(0)/bx/n' will be
(Font)              scaled to size 28.61185pt on input line 115.
 (thesis.toc
LaTeX Font Info:    Font shape `TU/IRNazanin(0)/m/n' will be
(Font)              scaled to size 9.19995pt on input line 11.


LaTeX Warning: Reference `footdir@1' on page هفت undefined on input line 11.


LaTeX Warning: Reference `footdir@2' on page هفت undefined on input line 11.

LaTeX Font Info:    Font shape `TU/IRNazanin(0)/m/n' will be
(Font)              scaled to size 11.49994pt on input line 11.
LaTeX Font Info:    Font shape `TU/IRNazanin(1)/m/n' will be
(Font)              scaled to size 11.49994pt on input line 11.
LaTeX Font Info:    Font shape `TU/IRNazanin(1)/m/n' will be
(Font)              scaled to size 8.04996pt on input line 11.

LaTeX Warning: Reference `footdir@3' on page هفت undefined on input line 12.


LaTeX Warning: Reference `footdir@4' on page هفت undefined on input line 12.


LaTeX Warning: Reference `footdir@5' on page هفت undefined on input line 13.


LaTeX Warning: Reference `footdir@6' on page هفت undefined on input line 13.


LaTeX Warning: Reference `footdir@7' on page هفت undefined on input line 15.


LaTeX Warning: Reference `footdir@8' on page هفت undefined on input line 15.


LaTeX Warning: Reference `footdir@9' on page هفت undefined on input line 16.

[7

]

LaTeX Warning: Reference `footdir@10' on page هشت undefined on input line 16.


LaTeX Warning: Reference `footdir@11' on page هشت undefined on input line 16.


LaTeX Warning: Reference `footdir@12' on page هشت undefined on input line 17.


LaTeX Warning: Reference `footdir@13' on page هشت undefined on input line 17.


LaTeX Warning: Reference `footdir@14' on page هشت undefined on input line 18.


LaTeX Warning: Reference `footdir@15' on page هشت undefined on input line 18.


LaTeX Warning: Reference `footdir@16' on page هشت undefined on input line 19.


LaTeX Warning: Reference `footdir@17' on page هشت undefined on input line 19.


LaTeX Warning: Reference `footdir@18' on page هشت undefined on input line 34.

[8])
\tf@toc=\write3
\openout3 = `thesis.toc'.

 [9] (thesis.lof [10


]

LaTeX Warning: Reference `footdir@19' on page یازده undefined on input line 25.



LaTeX Warning: Reference `footdir@20' on page یازده undefined on input line 25.


)
\tf@lof=\write4
\openout4 = `thesis.lof'.

 [11] (thesis.lot)
\tf@lot=\write5
\openout5 = `thesis.lot'.

 [12


] [13

]
\openout2 = `body.aux'.

 (body.tex
فصل 1.
[1


]
Underfull \hbox (badness 10000) in paragraph at lines 3--11
[][]
 []


Package Fancyhdr Warning: \headheight is too small (12.0pt): 
Make it at least 14.49998pt.
We now make it that large for the rest of the document.
This may cause the page layout to be inconsistent, however.

[2]
File: image/AR_in_medicine.png Graphic file (type bmp)
<image/AR_in_medicine.png>
LaTeX Font Info:    Font shape `TU/IRNazanin(0)/bx/n' will be
(Font)              scaled to size 11.49994pt on input line 19.
File: image/ARQuake_outdoor_AR_game.png Graphic file (type bmp)
<image/ARQuake_outdoor_AR_game.png>
File: image/AR_architecture_by_Re+Public.png Graphic file (type bmp)
<image/AR_architecture_by_Re+Public.png>
LaTeX Font Info:    Font shape `TU/IRNazanin(0)/bx/n' will be
(Font)              scaled to size 12.59242pt on input line 41.
File: image/Sutherland’s2.png Graphic file (type bmp)
<image/Sutherland’s2.png>
File: image/Sutherland’s1.png Graphic file (type bmp)
<image/Sutherland’s1.png>
 [3]
File: image/airforce1.png Graphic file (type bmp)
<image/airforce1.png>
File: image/airforce2.png Graphic file (type bmp)
<image/airforce2.png>

Underfull \hbox (badness 10000) in paragraph at lines 89--91
[][]
 []

[4]
Underfull \hbox (badness 10000) in paragraph at lines 95--95
[][][][][]\TU/IRNazanin(1)/m/n/10 https://www.gartner.com/smarterwithgartner/5-
trends-emerge-in-gartner-hype-cycle-for-emerging-[]
 []


Underfull \hbox (badness 10000) in paragraph at lines 92--97
[][]
 []

[5]
File: image/gartner.png Graphic file (type bmp)
<image/gartner.png>
LaTeX Font Info:    Font shape `TU/IRNazanin(0)/m/n' will be
(Font)              scaled to size 8.04996pt on input line 124.
File: image/ismar1.png Graphic file (type bmp)
<image/ismar1.png>
File: image/ismar2.png Graphic file (type bmp)
<image/ismar2.png>
File: image/ismar3.png Graphic file (type bmp)
<image/ismar3.png>
File: image/ismar4.png Graphic file (type bmp)
<image/ismar4.png>
 [6] [7] [8] [9]
فصل 2.
[10

]
File: image/style.jpg Graphic file (type bmp)
<image/style.jpg>
LaTeX Font Info:    Font shape `TU/IRNazanin(1)/bx/n' will be
(Font)              scaled to size 13.79993pt on input line 199.

Underfull \hbox (badness 10000) in paragraph at lines 176--215
[][]
 []

[11] [12] [13]
File: image/mixedreality.png Graphic file (type bmp)
<image/mixedreality.png>

Underfull \hbox (badness 10000) in paragraph at lines 229--233
[][]
 []

[14]

Package hyperref Warning: Token not allowed in a PDF string (Unicode):
(hyperref)                removing `\@ifnextchar' on input line 233.

[15]
File: image/hmd.png Graphic file (type bmp)
<image/hmd.png>


Package hyperref Warning: Token not allowed in a PDF string (Unicode):
(hyperref)                removing `\@ifnextchar' on input line 247.

File: image/mobile.png Graphic file (type bmp)
<image/mobile.png>

Package hyperref Warning: Token not allowed in a PDF string (Unicode):
(hyperref)                removing `\@ifnextchar' on input line 255.

File: image/sar.png Graphic file (type bmp)
<image/sar.png>
[16]

Package hyperref Warning: Token not allowed in a PDF string (Unicode):
(hyperref)                removing `\@ifnextchar' on input line 268.

File: image/navicam.png Graphic file (type bmp)
<image/navicam.png>
[17] [18]

Package hyperref Warning: Token not allowed in a PDF string (Unicode):
(hyperref)                removing `\@ifnextchar' on input line 275.

[19]
File: image/3d.png Graphic file (type bmp)
<image/3d.png>


Package hyperref Warning: Token not allowed in a PDF string (Unicode):
(hyperref)                removing `\@ifnextchar' on input line 294.

File: image/tar.png Graphic file (type bmp)
<image/tar.png>

Package hyperref Warning: Token not allowed in a PDF string (Unicode):
(hyperref)                removing `\@ifnextchar' on input line 302.

File: image/handyar.png Graphic file (type bmp)
<image/handyar.png>
[20]

Package hyperref Warning: Token not allowed in a PDF string (Unicode):
(hyperref)                removing `\@ifnextchar' on input line 312.

File: image/lee2.png Graphic file (type bmp)
<image/lee2.png>
File: image/lee1.png Graphic file (type bmp)
<image/lee1.png>
[21] [22]
File: image/realspace.png Graphic file (type bmp)
<image/realspace.png>
 [23]
File: image/wrongpic.png Graphic file (type bmp)
<image/wrongpic.png>
 [24] [25]
File: image/opticalview.png Graphic file (type bmp)
<image/opticalview.png>
 [26] [27]
File: image/tajmahal.png Graphic file (type bmp)
<image/tajmahal.png>
 [28]
Overfull \hbox (11.02225pt too wide) in paragraph at lines 417--420
[]\TU/IRNazanin(0)/m/n/12 با پیشرفت فنّاوری درزمینه دستگاه‌های قابل‌حمل، قدرت پ
ردازشی دستگاه‌های قابل‌حمل برای پردازش تصویرسازی[]
 []

File: image/tango.jpg Graphic file (type bmp)
<image/tango.jpg>
[29]
Overfull \hbox (1.83127pt too wide) in paragraph at lines 428--429
[]\TU/IRNazanin(0)/m/n/12 عمومی و کاربردهایی که چندین کاربر دارند مناسب هستند. 
از نمونه‌های این نوع نمایشگر می‌توان به نمایشگرهای[]
 []

[30]
فصل 3.
[31

]
Underfull \hbox (badness 10000) in paragraph at lines 434--447
[][]
 []

File: image/rct.png Graphic file (type bmp)
<image/rct.png>
[32] [33] [34]

LaTeX Warning: Reference `footdir@203' on page 35 undefined on input line 475.


LaTeX Warning: Reference `footdir@204' on page 35 undefined on input line 475.


LaTeX Warning: Reference `footdir@206' on page 35 undefined on input line 475.


LaTeX Warning: Reference `footdir@207' on page 35 undefined on input line 479.


LaTeX Warning: Reference `footdir@208' on page 35 undefined on input line 479.

File: image/magnetic.png Graphic file (type bmp)
<image/magnetic.png>

LaTeX Warning: Reference `footdir@209' on page 35 undefined on input line 485.


LaTeX Warning: Reference `footdir@210' on page 35 undefined on input line 485.


LaTeX Warning: Reference `footdir@211' on page 35 undefined on input line 485.


LaTeX Warning: Reference `footdir@212' on page 35 undefined on input line 485.


Overfull \hbox (3.87297pt too wide) in paragraph at lines 475--489
[]\TU/IRNazanin(0)/m/n/12 شکل[][][]۳.‏۲[][][] نشان‌دهنده وضوح در ردیابی مغناطیس
ی دستگاه‌های Polhemus است که تأثیر فاصله بین دریافت‌کننده[]
 []

)

LaTeX Warning: Reference `footdir@213' on page 35 undefined on input line 125.

[35] [36] (thesis.bbl
LaTeX Font Info:    Font shape `TU/IRNazanin(1)/m/it' will be
(Font)              scaled to size 13.79993pt on input line 10.

Underfull \hbox (badness 1968) in paragraph at lines 9--12
[][]\TU/IRNazanin(1)/m/n/12 M. F. Nassir Navab and C. Bichlmeier, “Laparoscopic
 virtual mirror new interaction[]
 []

[37


] [38]) [39]
Underfull \hbox (badness 10000) in paragraph at lines 143--147
[][]
 []

[40

]
Underfull \hbox (badness 10000) in paragraph at lines 152--156
[][]
 []

[41

] [42

]
File: logo.pdf Graphic file (type pdf)
<use logo.pdf>
LaTeX Font Info:    Font shape `TU/IRNazanin(1)/m/n' will be
(Font)              scaled to size 16.55989pt on input line 174.
LaTeX Font Info:    Font shape `TU/IRNazanin(1)/bx/n' will be
(Font)              scaled to size 28.61185pt on input line 174.
LaTeX Font Info:    Font shape `TU/IRNazanin(1)/bx/n' will be
(Font)              scaled to size 19.87189pt on input line 174.

\endL or \endR problem (0 missing, 1 extra) in paragraph at lines 174--174
 [][] []\TU/IRNazanin(1)/m/n/14.4 MASTER OF SCIENCE[][] 
 []

LaTeX Font Info:    Font shape `TU/IRNazanin(1)/m/n' will be
(Font)              scaled to size 19.87189pt on input line 174.
LaTeX Font Info:    Font shape `TU/IRNazanin(1)/bx/n' will be
(Font)              scaled to size 16.55989pt on input line 174.
[43]
Package atveryend Info: Empty hook `BeforeClearDocument' on input line 177.
Package atveryend Info: Empty hook `AfterLastShipout' on input line 177.
 (thesis.aux (body.aux))
Package atveryend Info: Empty hook `AtVeryEndDocument' on input line 177.
Package atveryend Info: Empty hook `AtEndAfterFileList' on input line 177.


LaTeX Warning: There were undefined references.


LaTeX Warning: There were multiply-defined labels.

Package atveryend Info: Empty hook `AtVeryVeryEnd' on input line 177.
 )
(\end occurred when \ifx on line 102 was incomplete) 
Here is how much of TeX's memory you used:
 25720 strings out of 427669
 478284 string characters out of 3149215
 625568 words of memory out of 3000000
 29413 multiletter control sequences out of 15000+200000
 542511 words of font info for 110 fonts, out of 3000000 for 9000
 1348 hyphenation exceptions out of 8191
 54i,11n,79p,1316b,581s stack positions out of 5000i,500n,10000p,200000b,50000s

Output written on thesis.pdf (56 pages).
